<?xml version="1.0" encoding="UTF-8"?>
<testsuite xmlns:xsi="http://www.w3.org/2001/XMLSchema-instance" xsi:noNamespaceSchemaLocation="https://maven.apache.org/surefire/maven-surefire-plugin/xsd/surefire-test-report-3.0.xsd" version="3.0" name="TestSuite" time="164.372" tests="1" errors="0" skipped="0" failures="0">
  <properties>
    <property name="java.specification.version" value="17"/>
    <property name="webdriver.chrome.driver" value="/Users/nagadeepjiripurapu/.cache/selenium/chromedriver/mac64/133.0.6943.126/chromedriver"/>
    <property name="sun.jnu.encoding" value="UTF-8"/>
    <property name="java.class.path" value="/Users/nagadeepjiripurapu/launchApp/target/test-classes:/Users/nagadeepjiripurapu/launchApp/target/classes:/Users/nagadeepjiripurapu/.m2/repository/org/seleniumhq/selenium/selenium-java/4.27.0/selenium-java-4.27.0.jar:/Users/nagadeepjiripurapu/.m2/repository/org/seleniumhq/selenium/selenium-api/4.27.0/selenium-api-4.27.0.jar:/Users/nagadeepjiripurapu/.m2/repository/org/jspecify/jspecify/1.0.0/jspecify-1.0.0.jar:/Users/nagadeepjiripurapu/.m2/repository/org/seleniumhq/selenium/selenium-chrome-driver/4.27.0/selenium-chrome-driver-4.27.0.jar:/Users/nagadeepjiripurapu/.m2/repository/com/google/auto/service/auto-service-annotations/1.1.1/auto-service-annotations-1.1.1.jar:/Users/nagadeepjiripurapu/.m2/repository/org/seleniumhq/selenium/selenium-chromium-driver/4.27.0/selenium-chromium-driver-4.27.0.jar:/Users/nagadeepjiripurapu/.m2/repository/org/seleniumhq/selenium/selenium-json/4.27.0/selenium-json-4.27.0.jar:/Users/nagadeepjiripurapu/.m2/repository/org/seleniumhq/selenium/selenium-manager/4.27.0/selenium-manager-4.27.0.jar:/Users/nagadeepjiripurapu/.m2/repository/org/seleniumhq/selenium/selenium-devtools-v129/4.27.0/selenium-devtools-v129-4.27.0.jar:/Users/nagadeepjiripurapu/.m2/repository/org/seleniumhq/selenium/selenium-devtools-v130/4.27.0/selenium-devtools-v130-4.27.0.jar:/Users/nagadeepjiripurapu/.m2/repository/org/seleniumhq/selenium/selenium-devtools-v131/4.27.0/selenium-devtools-v131-4.27.0.jar:/Users/nagadeepjiripurapu/.m2/repository/org/seleniumhq/selenium/selenium-devtools-v85/4.27.0/selenium-devtools-v85-4.27.0.jar:/Users/nagadeepjiripurapu/.m2/repository/org/seleniumhq/selenium/selenium-edge-driver/4.27.0/selenium-edge-driver-4.27.0.jar:/Users/nagadeepjiripurapu/.m2/repository/org/seleniumhq/selenium/selenium-firefox-driver/4.27.0/selenium-firefox-driver-4.27.0.jar:/Users/nagadeepjiripurapu/.m2/repository/org/seleniumhq/selenium/selenium-http/4.27.0/selenium-http-4.27.0.jar:/Users/nagadeepjiripurapu/.m2/repository/dev/failsafe/failsafe/3.3.2/failsafe-3.3.2.jar:/Users/nagadeepjiripurapu/.m2/repository/org/seleniumhq/selenium/selenium-ie-driver/4.27.0/selenium-ie-driver-4.27.0.jar:/Users/nagadeepjiripurapu/.m2/repository/org/seleniumhq/selenium/selenium-remote-driver/4.27.0/selenium-remote-driver-4.27.0.jar:/Users/nagadeepjiripurapu/.m2/repository/com/google/guava/guava/33.3.1-jre/guava-33.3.1-jre.jar:/Users/nagadeepjiripurapu/.m2/repository/com/google/guava/failureaccess/1.0.2/failureaccess-1.0.2.jar:/Users/nagadeepjiripurapu/.m2/repository/com/google/guava/listenablefuture/9999.0-empty-to-avoid-conflict-with-guava/listenablefuture-9999.0-empty-to-avoid-conflict-with-guava.jar:/Users/nagadeepjiripurapu/.m2/repository/com/google/code/findbugs/jsr305/3.0.2/jsr305-3.0.2.jar:/Users/nagadeepjiripurapu/.m2/repository/org/checkerframework/checker-qual/3.43.0/checker-qual-3.43.0.jar:/Users/nagadeepjiripurapu/.m2/repository/com/google/errorprone/error_prone_annotations/2.28.0/error_prone_annotations-2.28.0.jar:/Users/nagadeepjiripurapu/.m2/repository/com/google/j2objc/j2objc-annotations/3.0.0/j2objc-annotations-3.0.0.jar:/Users/nagadeepjiripurapu/.m2/repository/io/opentelemetry/semconv/opentelemetry-semconv/1.25.0-alpha/opentelemetry-semconv-1.25.0-alpha.jar:/Users/nagadeepjiripurapu/.m2/repository/io/opentelemetry/opentelemetry-api/1.44.1/opentelemetry-api-1.44.1.jar:/Users/nagadeepjiripurapu/.m2/repository/io/opentelemetry/opentelemetry-context/1.44.1/opentelemetry-context-1.44.1.jar:/Users/nagadeepjiripurapu/.m2/repository/io/opentelemetry/opentelemetry-exporter-logging/1.44.1/opentelemetry-exporter-logging-1.44.1.jar:/Users/nagadeepjiripurapu/.m2/repository/io/opentelemetry/opentelemetry-sdk-common/1.44.1/opentelemetry-sdk-common-1.44.1.jar:/Users/nagadeepjiripurapu/.m2/repository/io/opentelemetry/opentelemetry-sdk-extension-autoconfigure-spi/1.44.1/opentelemetry-sdk-extension-autoconfigure-spi-1.44.1.jar:/Users/nagadeepjiripurapu/.m2/repository/io/opentelemetry/opentelemetry-sdk-extension-autoconfigure/1.44.1/opentelemetry-sdk-extension-autoconfigure-1.44.1.jar:/Users/nagadeepjiripurapu/.m2/repository/io/opentelemetry/opentelemetry-api-incubator/1.44.1-alpha/opentelemetry-api-incubator-1.44.1-alpha.jar:/Users/nagadeepjiripurapu/.m2/repository/io/opentelemetry/opentelemetry-sdk-trace/1.44.1/opentelemetry-sdk-trace-1.44.1.jar:/Users/nagadeepjiripurapu/.m2/repository/io/opentelemetry/opentelemetry-sdk/1.44.1/opentelemetry-sdk-1.44.1.jar:/Users/nagadeepjiripurapu/.m2/repository/io/opentelemetry/opentelemetry-sdk-metrics/1.44.1/opentelemetry-sdk-metrics-1.44.1.jar:/Users/nagadeepjiripurapu/.m2/repository/io/opentelemetry/opentelemetry-sdk-logs/1.44.1/opentelemetry-sdk-logs-1.44.1.jar:/Users/nagadeepjiripurapu/.m2/repository/net/bytebuddy/byte-buddy/1.15.10/byte-buddy-1.15.10.jar:/Users/nagadeepjiripurapu/.m2/repository/org/seleniumhq/selenium/selenium-os/4.27.0/selenium-os-4.27.0.jar:/Users/nagadeepjiripurapu/.m2/repository/org/apache/commons/commons-exec/1.4.0/commons-exec-1.4.0.jar:/Users/nagadeepjiripurapu/.m2/repository/org/seleniumhq/selenium/selenium-safari-driver/4.27.0/selenium-safari-driver-4.27.0.jar:/Users/nagadeepjiripurapu/.m2/repository/org/seleniumhq/selenium/selenium-support/4.27.0/selenium-support-4.27.0.jar:/Users/nagadeepjiripurapu/.m2/repository/io/cucumber/cucumber-testng/7.15.0/cucumber-testng-7.15.0.jar:/Users/nagadeepjiripurapu/.m2/repository/org/apiguardian/apiguardian-api/1.1.2/apiguardian-api-1.1.2.jar:/Users/nagadeepjiripurapu/.m2/repository/io/cucumber/cucumber-core/7.15.0/cucumber-core-7.15.0.jar:/Users/nagadeepjiripurapu/.m2/repository/io/cucumber/cucumber-gherkin/7.15.0/cucumber-gherkin-7.15.0.jar:/Users/nagadeepjiripurapu/.m2/repository/io/cucumber/cucumber-gherkin-messages/7.15.0/cucumber-gherkin-messages-7.15.0.jar:/Users/nagadeepjiripurapu/.m2/repository/io/cucumber/gherkin/26.2.0/gherkin-26.2.0.jar:/Users/nagadeepjiripurapu/.m2/repository/io/cucumber/messages/22.0.0/messages-22.0.0.jar:/Users/nagadeepjiripurapu/.m2/repository/io/cucumber/tag-expressions/6.0.0/tag-expressions-6.0.0.jar:/Users/nagadeepjiripurapu/.m2/repository/io/cucumber/cucumber-expressions/17.0.1/cucumber-expressions-17.0.1.jar:/Users/nagadeepjiripurapu/.m2/repository/io/cucumber/datatable/7.15.0/datatable-7.15.0.jar:/Users/nagadeepjiripurapu/.m2/repository/io/cucumber/cucumber-plugin/7.15.0/cucumber-plugin-7.15.0.jar:/Users/nagadeepjiripurapu/.m2/repository/io/cucumber/docstring/7.15.0/docstring-7.15.0.jar:/Users/nagadeepjiripurapu/.m2/repository/io/cucumber/html-formatter/20.4.0/html-formatter-20.4.0.jar:/Users/nagadeepjiripurapu/.m2/repository/io/cucumber/junit-xml-formatter/0.2.0/junit-xml-formatter-0.2.0.jar:/Users/nagadeepjiripurapu/.m2/repository/io/cucumber/ci-environment/10.0.0/ci-environment-10.0.0.jar:/Users/nagadeepjiripurapu/.m2/repository/io/cucumber/cucumber-java/7.16.1/cucumber-java-7.16.1.jar:/Users/nagadeepjiripurapu/.m2/repository/org/testng/testng/7.10.2/testng-7.10.2.jar:/Users/nagadeepjiripurapu/.m2/repository/org/slf4j/slf4j-api/1.7.36/slf4j-api-1.7.36.jar:/Users/nagadeepjiripurapu/.m2/repository/com/beust/jcommander/1.82/jcommander-1.82.jar:/Users/nagadeepjiripurapu/.m2/repository/org/webjars/jquery/3.7.1/jquery-3.7.1.jar:/Users/nagadeepjiripurapu/.m2/repository/com/aventstack/extentreports/4.1.6/extentreports-4.1.6.jar:/Users/nagadeepjiripurapu/.m2/repository/org/freemarker/freemarker/2.3.29/freemarker-2.3.29.jar:/Users/nagadeepjiripurapu/.m2/repository/org/apache/httpcomponents/httpclient/4.5.2/httpclient-4.5.2.jar:/Users/nagadeepjiripurapu/.m2/repository/org/apache/httpcomponents/httpcore/4.4.4/httpcore-4.4.4.jar:/Users/nagadeepjiripurapu/.m2/repository/commons-logging/commons-logging/1.2/commons-logging-1.2.jar:/Users/nagadeepjiripurapu/.m2/repository/commons-codec/commons-codec/1.9/commons-codec-1.9.jar:/Users/nagadeepjiripurapu/.m2/repository/org/apache/httpcomponents/httpmime/4.5.2/httpmime-4.5.2.jar:/Users/nagadeepjiripurapu/.m2/repository/com/google/code/gson/gson/2.8.6/gson-2.8.6.jar:/Users/nagadeepjiripurapu/.m2/repository/org/mongodb/mongodb-driver/3.12.0/mongodb-driver-3.12.0.jar:/Users/nagadeepjiripurapu/.m2/repository/org/mongodb/mongodb-driver-core/3.12.0/mongodb-driver-core-3.12.0.jar:/Users/nagadeepjiripurapu/.m2/repository/org/mongodb/bson/3.12.0/bson-3.12.0.jar:/Users/nagadeepjiripurapu/.m2/repository/net/masterthought/maven-cucumber-reporting/5.8.5/maven-cucumber-reporting-5.8.5.jar:/Users/nagadeepjiripurapu/.m2/repository/org/apache/commons/commons-collections4/4.5.0-M3/commons-collections4-4.5.0-M3.jar:/Users/nagadeepjiripurapu/.m2/repository/org/codehaus/plexus/plexus-utils/4.0.2/plexus-utils-4.0.2.jar:/Users/nagadeepjiripurapu/.m2/repository/net/masterthought/cucumber-reporting/5.8.4/cucumber-reporting-5.8.4.jar:/Users/nagadeepjiripurapu/.m2/repository/com/fasterxml/jackson/core/jackson-databind/2.18.1/jackson-databind-2.18.1.jar:/Users/nagadeepjiripurapu/.m2/repository/com/fasterxml/jackson/core/jackson-annotations/2.18.1/jackson-annotations-2.18.1.jar:/Users/nagadeepjiripurapu/.m2/repository/com/fasterxml/jackson/core/jackson-core/2.18.1/jackson-core-2.18.1.jar:/Users/nagadeepjiripurapu/.m2/repository/com/fasterxml/jackson/datatype/jackson-datatype-jsr310/2.18.1/jackson-datatype-jsr310-2.18.1.jar:/Users/nagadeepjiripurapu/.m2/repository/org/apache/velocity/velocity-engine-core/2.4.1/velocity-engine-core-2.4.1.jar:/Users/nagadeepjiripurapu/.m2/repository/joda-time/joda-time/2.13.0/joda-time-2.13.0.jar:/Users/nagadeepjiripurapu/.m2/repository/org/apache/commons/commons-configuration2/2.11.0/commons-configuration2-2.11.0.jar:/Users/nagadeepjiripurapu/.m2/repository/commons-io/commons-io/2.17.0/commons-io-2.17.0.jar:/Users/nagadeepjiripurapu/.m2/repository/org/apache/commons/commons-text/1.12.0/commons-text-1.12.0.jar:/Users/nagadeepjiripurapu/.m2/repository/org/jsoup/jsoup/1.18.1/jsoup-1.18.1.jar:/Users/nagadeepjiripurapu/.m2/repository/com/googlecode/owasp-java-html-sanitizer/owasp-java-html-sanitizer/20240325.1/owasp-java-html-sanitizer-20240325.1.jar:/Users/nagadeepjiripurapu/.m2/repository/com/googlecode/owasp-java-html-sanitizer/java8-shim/20240325.1/java8-shim-20240325.1.jar:/Users/nagadeepjiripurapu/.m2/repository/com/googlecode/owasp-java-html-sanitizer/java10-shim/20240325.1/java10-shim-20240325.1.jar:/Users/nagadeepjiripurapu/.m2/repository/org/slf4j/jcl-over-slf4j/2.0.16/jcl-over-slf4j-2.0.16.jar:/Users/nagadeepjiripurapu/.m2/repository/org/projectlombok/lombok/1.18.24/lombok-1.18.24.jar:/Users/nagadeepjiripurapu/.m2/repository/io/github/bonigarcia/webdrivermanager/5.7.0/webdrivermanager-5.7.0.jar:/Users/nagadeepjiripurapu/.m2/repository/com/github/docker-java/docker-java/3.3.5/docker-java-3.3.5.jar:/Users/nagadeepjiripurapu/.m2/repository/com/github/docker-java/docker-java-core/3.3.5/docker-java-core-3.3.5.jar:/Users/nagadeepjiripurapu/.m2/repository/com/github/docker-java/docker-java-api/3.3.5/docker-java-api-3.3.5.jar:/Users/nagadeepjiripurapu/.m2/repository/org/bouncycastle/bcpkix-jdk18on/1.76/bcpkix-jdk18on-1.76.jar:/Users/nagadeepjiripurapu/.m2/repository/org/bouncycastle/bcprov-jdk18on/1.76/bcprov-jdk18on-1.76.jar:/Users/nagadeepjiripurapu/.m2/repository/org/bouncycastle/bcutil-jdk18on/1.76/bcutil-jdk18on-1.76.jar:/Users/nagadeepjiripurapu/.m2/repository/com/github/docker-java/docker-java-transport-httpclient5/3.3.5/docker-java-transport-httpclient5-3.3.5.jar:/Users/nagadeepjiripurapu/.m2/repository/com/github/docker-java/docker-java-transport/3.3.5/docker-java-transport-3.3.5.jar:/Users/nagadeepjiripurapu/.m2/repository/net/java/dev/jna/jna/5.13.0/jna-5.13.0.jar:/Users/nagadeepjiripurapu/.m2/repository/org/brotli/dec/0.1.2/dec-0.1.2.jar:/Users/nagadeepjiripurapu/.m2/repository/org/apache/commons/commons-lang3/3.14.0/commons-lang3-3.14.0.jar:/Users/nagadeepjiripurapu/.m2/repository/org/apache/commons/commons-compress/1.26.0/commons-compress-1.26.0.jar:/Users/nagadeepjiripurapu/.m2/repository/org/apache/httpcomponents/client5/httpclient5/5.2.1/httpclient5-5.2.1.jar:/Users/nagadeepjiripurapu/.m2/repository/org/apache/httpcomponents/core5/httpcore5/5.2/httpcore5-5.2.jar:/Users/nagadeepjiripurapu/.m2/repository/org/apache/httpcomponents/core5/httpcore5-h2/5.2/httpcore5-h2-5.2.jar:"/>
    <property name="java.vm.vendor" value="Oracle Corporation"/>
    <property name="sun.arch.data.model" value="64"/>
    <property name="java.vendor.url" value="https://java.oracle.com/"/>
    <property name="user.timezone" value="Asia/Kolkata"/>
    <property name="os.name" value="Mac OS X"/>
    <property name="java.vm.specification.version" value="17"/>
    <property name="sun.java.launcher" value="SUN_STANDARD"/>
    <property name="user.country" value="IN"/>
    <property name="sun.boot.library.path" value="/Library/Java/JavaVirtualMachines/jdk-17.0.1.jdk/Contents/Home/lib"/>
    <property name="sun.java.command" value="/Users/nagadeepjiripurapu/launchApp/target/surefire/surefirebooter14353862057415853226.jar /Users/nagadeepjiripurapu/launchApp/target/surefire 2025-02-26T17-14-30_428-jvmRun1 surefire3963317403261206838tmp surefire_01799403136409981398tmp"/>
    <property name="http.nonProxyHosts" value="local|*.local|169.254/16|*.169.254/16"/>
    <property name="jdk.debug" value="release"/>
    <property name="surefire.test.class.path" value="/Users/nagadeepjiripurapu/launchApp/target/test-classes:/Users/nagadeepjiripurapu/launchApp/target/classes:/Users/nagadeepjiripurapu/.m2/repository/org/seleniumhq/selenium/selenium-java/4.27.0/selenium-java-4.27.0.jar:/Users/nagadeepjiripurapu/.m2/repository/org/seleniumhq/selenium/selenium-api/4.27.0/selenium-api-4.27.0.jar:/Users/nagadeepjiripurapu/.m2/repository/org/jspecify/jspecify/1.0.0/jspecify-1.0.0.jar:/Users/nagadeepjiripurapu/.m2/repository/org/seleniumhq/selenium/selenium-chrome-driver/4.27.0/selenium-chrome-driver-4.27.0.jar:/Users/nagadeepjiripurapu/.m2/repository/com/google/auto/service/auto-service-annotations/1.1.1/auto-service-annotations-1.1.1.jar:/Users/nagadeepjiripurapu/.m2/repository/org/seleniumhq/selenium/selenium-chromium-driver/4.27.0/selenium-chromium-driver-4.27.0.jar:/Users/nagadeepjiripurapu/.m2/repository/org/seleniumhq/selenium/selenium-json/4.27.0/selenium-json-4.27.0.jar:/Users/nagadeepjiripurapu/.m2/repository/org/seleniumhq/selenium/selenium-manager/4.27.0/selenium-manager-4.27.0.jar:/Users/nagadeepjiripurapu/.m2/repository/org/seleniumhq/selenium/selenium-devtools-v129/4.27.0/selenium-devtools-v129-4.27.0.jar:/Users/nagadeepjiripurapu/.m2/repository/org/seleniumhq/selenium/selenium-devtools-v130/4.27.0/selenium-devtools-v130-4.27.0.jar:/Users/nagadeepjiripurapu/.m2/repository/org/seleniumhq/selenium/selenium-devtools-v131/4.27.0/selenium-devtools-v131-4.27.0.jar:/Users/nagadeepjiripurapu/.m2/repository/org/seleniumhq/selenium/selenium-devtools-v85/4.27.0/selenium-devtools-v85-4.27.0.jar:/Users/nagadeepjiripurapu/.m2/repository/org/seleniumhq/selenium/selenium-edge-driver/4.27.0/selenium-edge-driver-4.27.0.jar:/Users/nagadeepjiripurapu/.m2/repository/org/seleniumhq/selenium/selenium-firefox-driver/4.27.0/selenium-firefox-driver-4.27.0.jar:/Users/nagadeepjiripurapu/.m2/repository/org/seleniumhq/selenium/selenium-http/4.27.0/selenium-http-4.27.0.jar:/Users/nagadeepjiripurapu/.m2/repository/dev/failsafe/failsafe/3.3.2/failsafe-3.3.2.jar:/Users/nagadeepjiripurapu/.m2/repository/org/seleniumhq/selenium/selenium-ie-driver/4.27.0/selenium-ie-driver-4.27.0.jar:/Users/nagadeepjiripurapu/.m2/repository/org/seleniumhq/selenium/selenium-remote-driver/4.27.0/selenium-remote-driver-4.27.0.jar:/Users/nagadeepjiripurapu/.m2/repository/com/google/guava/guava/33.3.1-jre/guava-33.3.1-jre.jar:/Users/nagadeepjiripurapu/.m2/repository/com/google/guava/failureaccess/1.0.2/failureaccess-1.0.2.jar:/Users/nagadeepjiripurapu/.m2/repository/com/google/guava/listenablefuture/9999.0-empty-to-avoid-conflict-with-guava/listenablefuture-9999.0-empty-to-avoid-conflict-with-guava.jar:/Users/nagadeepjiripurapu/.m2/repository/com/google/code/findbugs/jsr305/3.0.2/jsr305-3.0.2.jar:/Users/nagadeepjiripurapu/.m2/repository/org/checkerframework/checker-qual/3.43.0/checker-qual-3.43.0.jar:/Users/nagadeepjiripurapu/.m2/repository/com/google/errorprone/error_prone_annotations/2.28.0/error_prone_annotations-2.28.0.jar:/Users/nagadeepjiripurapu/.m2/repository/com/google/j2objc/j2objc-annotations/3.0.0/j2objc-annotations-3.0.0.jar:/Users/nagadeepjiripurapu/.m2/repository/io/opentelemetry/semconv/opentelemetry-semconv/1.25.0-alpha/opentelemetry-semconv-1.25.0-alpha.jar:/Users/nagadeepjiripurapu/.m2/repository/io/opentelemetry/opentelemetry-api/1.44.1/opentelemetry-api-1.44.1.jar:/Users/nagadeepjiripurapu/.m2/repository/io/opentelemetry/opentelemetry-context/1.44.1/opentelemetry-context-1.44.1.jar:/Users/nagadeepjiripurapu/.m2/repository/io/opentelemetry/opentelemetry-exporter-logging/1.44.1/opentelemetry-exporter-logging-1.44.1.jar:/Users/nagadeepjiripurapu/.m2/repository/io/opentelemetry/opentelemetry-sdk-common/1.44.1/opentelemetry-sdk-common-1.44.1.jar:/Users/nagadeepjiripurapu/.m2/repository/io/opentelemetry/opentelemetry-sdk-extension-autoconfigure-spi/1.44.1/opentelemetry-sdk-extension-autoconfigure-spi-1.44.1.jar:/Users/nagadeepjiripurapu/.m2/repository/io/opentelemetry/opentelemetry-sdk-extension-autoconfigure/1.44.1/opentelemetry-sdk-extension-autoconfigure-1.44.1.jar:/Users/nagadeepjiripurapu/.m2/repository/io/opentelemetry/opentelemetry-api-incubator/1.44.1-alpha/opentelemetry-api-incubator-1.44.1-alpha.jar:/Users/nagadeepjiripurapu/.m2/repository/io/opentelemetry/opentelemetry-sdk-trace/1.44.1/opentelemetry-sdk-trace-1.44.1.jar:/Users/nagadeepjiripurapu/.m2/repository/io/opentelemetry/opentelemetry-sdk/1.44.1/opentelemetry-sdk-1.44.1.jar:/Users/nagadeepjiripurapu/.m2/repository/io/opentelemetry/opentelemetry-sdk-metrics/1.44.1/opentelemetry-sdk-metrics-1.44.1.jar:/Users/nagadeepjiripurapu/.m2/repository/io/opentelemetry/opentelemetry-sdk-logs/1.44.1/opentelemetry-sdk-logs-1.44.1.jar:/Users/nagadeepjiripurapu/.m2/repository/net/bytebuddy/byte-buddy/1.15.10/byte-buddy-1.15.10.jar:/Users/nagadeepjiripurapu/.m2/repository/org/seleniumhq/selenium/selenium-os/4.27.0/selenium-os-4.27.0.jar:/Users/nagadeepjiripurapu/.m2/repository/org/apache/commons/commons-exec/1.4.0/commons-exec-1.4.0.jar:/Users/nagadeepjiripurapu/.m2/repository/org/seleniumhq/selenium/selenium-safari-driver/4.27.0/selenium-safari-driver-4.27.0.jar:/Users/nagadeepjiripurapu/.m2/repository/org/seleniumhq/selenium/selenium-support/4.27.0/selenium-support-4.27.0.jar:/Users/nagadeepjiripurapu/.m2/repository/io/cucumber/cucumber-testng/7.15.0/cucumber-testng-7.15.0.jar:/Users/nagadeepjiripurapu/.m2/repository/org/apiguardian/apiguardian-api/1.1.2/apiguardian-api-1.1.2.jar:/Users/nagadeepjiripurapu/.m2/repository/io/cucumber/cucumber-core/7.15.0/cucumber-core-7.15.0.jar:/Users/nagadeepjiripurapu/.m2/repository/io/cucumber/cucumber-gherkin/7.15.0/cucumber-gherkin-7.15.0.jar:/Users/nagadeepjiripurapu/.m2/repository/io/cucumber/cucumber-gherkin-messages/7.15.0/cucumber-gherkin-messages-7.15.0.jar:/Users/nagadeepjiripurapu/.m2/repository/io/cucumber/gherkin/26.2.0/gherkin-26.2.0.jar:/Users/nagadeepjiripurapu/.m2/repository/io/cucumber/messages/22.0.0/messages-22.0.0.jar:/Users/nagadeepjiripurapu/.m2/repository/io/cucumber/tag-expressions/6.0.0/tag-expressions-6.0.0.jar:/Users/nagadeepjiripurapu/.m2/repository/io/cucumber/cucumber-expressions/17.0.1/cucumber-expressions-17.0.1.jar:/Users/nagadeepjiripurapu/.m2/repository/io/cucumber/datatable/7.15.0/datatable-7.15.0.jar:/Users/nagadeepjiripurapu/.m2/repository/io/cucumber/cucumber-plugin/7.15.0/cucumber-plugin-7.15.0.jar:/Users/nagadeepjiripurapu/.m2/repository/io/cucumber/docstring/7.15.0/docstring-7.15.0.jar:/Users/nagadeepjiripurapu/.m2/repository/io/cucumber/html-formatter/20.4.0/html-formatter-20.4.0.jar:/Users/nagadeepjiripurapu/.m2/repository/io/cucumber/junit-xml-formatter/0.2.0/junit-xml-formatter-0.2.0.jar:/Users/nagadeepjiripurapu/.m2/repository/io/cucumber/ci-environment/10.0.0/ci-environment-10.0.0.jar:/Users/nagadeepjiripurapu/.m2/repository/io/cucumber/cucumber-java/7.16.1/cucumber-java-7.16.1.jar:/Users/nagadeepjiripurapu/.m2/repository/org/testng/testng/7.10.2/testng-7.10.2.jar:/Users/nagadeepjiripurapu/.m2/repository/org/slf4j/slf4j-api/1.7.36/slf4j-api-1.7.36.jar:/Users/nagadeepjiripurapu/.m2/repository/com/beust/jcommander/1.82/jcommander-1.82.jar:/Users/nagadeepjiripurapu/.m2/repository/org/webjars/jquery/3.7.1/jquery-3.7.1.jar:/Users/nagadeepjiripurapu/.m2/repository/com/aventstack/extentreports/4.1.6/extentreports-4.1.6.jar:/Users/nagadeepjiripurapu/.m2/repository/org/freemarker/freemarker/2.3.29/freemarker-2.3.29.jar:/Users/nagadeepjiripurapu/.m2/repository/org/apache/httpcomponents/httpclient/4.5.2/httpclient-4.5.2.jar:/Users/nagadeepjiripurapu/.m2/repository/org/apache/httpcomponents/httpcore/4.4.4/httpcore-4.4.4.jar:/Users/nagadeepjiripurapu/.m2/repository/commons-logging/commons-logging/1.2/commons-logging-1.2.jar:/Users/nagadeepjiripurapu/.m2/repository/commons-codec/commons-codec/1.9/commons-codec-1.9.jar:/Users/nagadeepjiripurapu/.m2/repository/org/apache/httpcomponents/httpmime/4.5.2/httpmime-4.5.2.jar:/Users/nagadeepjiripurapu/.m2/repository/com/google/code/gson/gson/2.8.6/gson-2.8.6.jar:/Users/nagadeepjiripurapu/.m2/repository/org/mongodb/mongodb-driver/3.12.0/mongodb-driver-3.12.0.jar:/Users/nagadeepjiripurapu/.m2/repository/org/mongodb/mongodb-driver-core/3.12.0/mongodb-driver-core-3.12.0.jar:/Users/nagadeepjiripurapu/.m2/repository/org/mongodb/bson/3.12.0/bson-3.12.0.jar:/Users/nagadeepjiripurapu/.m2/repository/net/masterthought/maven-cucumber-reporting/5.8.5/maven-cucumber-reporting-5.8.5.jar:/Users/nagadeepjiripurapu/.m2/repository/org/apache/commons/commons-collections4/4.5.0-M3/commons-collections4-4.5.0-M3.jar:/Users/nagadeepjiripurapu/.m2/repository/org/codehaus/plexus/plexus-utils/4.0.2/plexus-utils-4.0.2.jar:/Users/nagadeepjiripurapu/.m2/repository/net/masterthought/cucumber-reporting/5.8.4/cucumber-reporting-5.8.4.jar:/Users/nagadeepjiripurapu/.m2/repository/com/fasterxml/jackson/core/jackson-databind/2.18.1/jackson-databind-2.18.1.jar:/Users/nagadeepjiripurapu/.m2/repository/com/fasterxml/jackson/core/jackson-annotations/2.18.1/jackson-annotations-2.18.1.jar:/Users/nagadeepjiripurapu/.m2/repository/com/fasterxml/jackson/core/jackson-core/2.18.1/jackson-core-2.18.1.jar:/Users/nagadeepjiripurapu/.m2/repository/com/fasterxml/jackson/datatype/jackson-datatype-jsr310/2.18.1/jackson-datatype-jsr310-2.18.1.jar:/Users/nagadeepjiripurapu/.m2/repository/org/apache/velocity/velocity-engine-core/2.4.1/velocity-engine-core-2.4.1.jar:/Users/nagadeepjiripurapu/.m2/repository/joda-time/joda-time/2.13.0/joda-time-2.13.0.jar:/Users/nagadeepjiripurapu/.m2/repository/org/apache/commons/commons-configuration2/2.11.0/commons-configuration2-2.11.0.jar:/Users/nagadeepjiripurapu/.m2/repository/commons-io/commons-io/2.17.0/commons-io-2.17.0.jar:/Users/nagadeepjiripurapu/.m2/repository/org/apache/commons/commons-text/1.12.0/commons-text-1.12.0.jar:/Users/nagadeepjiripurapu/.m2/repository/org/jsoup/jsoup/1.18.1/jsoup-1.18.1.jar:/Users/nagadeepjiripurapu/.m2/repository/com/googlecode/owasp-java-html-sanitizer/owasp-java-html-sanitizer/20240325.1/owasp-java-html-sanitizer-20240325.1.jar:/Users/nagadeepjiripurapu/.m2/repository/com/googlecode/owasp-java-html-sanitizer/java8-shim/20240325.1/java8-shim-20240325.1.jar:/Users/nagadeepjiripurapu/.m2/repository/com/googlecode/owasp-java-html-sanitizer/java10-shim/20240325.1/java10-shim-20240325.1.jar:/Users/nagadeepjiripurapu/.m2/repository/org/slf4j/jcl-over-slf4j/2.0.16/jcl-over-slf4j-2.0.16.jar:/Users/nagadeepjiripurapu/.m2/repository/org/projectlombok/lombok/1.18.24/lombok-1.18.24.jar:/Users/nagadeepjiripurapu/.m2/repository/io/github/bonigarcia/webdrivermanager/5.7.0/webdrivermanager-5.7.0.jar:/Users/nagadeepjiripurapu/.m2/repository/com/github/docker-java/docker-java/3.3.5/docker-java-3.3.5.jar:/Users/nagadeepjiripurapu/.m2/repository/com/github/docker-java/docker-java-core/3.3.5/docker-java-core-3.3.5.jar:/Users/nagadeepjiripurapu/.m2/repository/com/github/docker-java/docker-java-api/3.3.5/docker-java-api-3.3.5.jar:/Users/nagadeepjiripurapu/.m2/repository/org/bouncycastle/bcpkix-jdk18on/1.76/bcpkix-jdk18on-1.76.jar:/Users/nagadeepjiripurapu/.m2/repository/org/bouncycastle/bcprov-jdk18on/1.76/bcprov-jdk18on-1.76.jar:/Users/nagadeepjiripurapu/.m2/repository/org/bouncycastle/bcutil-jdk18on/1.76/bcutil-jdk18on-1.76.jar:/Users/nagadeepjiripurapu/.m2/repository/com/github/docker-java/docker-java-transport-httpclient5/3.3.5/docker-java-transport-httpclient5-3.3.5.jar:/Users/nagadeepjiripurapu/.m2/repository/com/github/docker-java/docker-java-transport/3.3.5/docker-java-transport-3.3.5.jar:/Users/nagadeepjiripurapu/.m2/repository/net/java/dev/jna/jna/5.13.0/jna-5.13.0.jar:/Users/nagadeepjiripurapu/.m2/repository/org/brotli/dec/0.1.2/dec-0.1.2.jar:/Users/nagadeepjiripurapu/.m2/repository/org/apache/commons/commons-lang3/3.14.0/commons-lang3-3.14.0.jar:/Users/nagadeepjiripurapu/.m2/repository/org/apache/commons/commons-compress/1.26.0/commons-compress-1.26.0.jar:/Users/nagadeepjiripurapu/.m2/repository/org/apache/httpcomponents/client5/httpclient5/5.2.1/httpclient5-5.2.1.jar:/Users/nagadeepjiripurapu/.m2/repository/org/apache/httpcomponents/core5/httpcore5/5.2/httpcore5-5.2.jar:/Users/nagadeepjiripurapu/.m2/repository/org/apache/httpcomponents/core5/httpcore5-h2/5.2/httpcore5-h2-5.2.jar:"/>
    <property name="sun.cpu.endian" value="little"/>
    <property name="user.home" value="/Users/nagadeepjiripurapu"/>
    <property name="user.language" value="en"/>
    <property name="java.specification.vendor" value="Oracle Corporation"/>
    <property name="java.version.date" value="2021-10-19"/>
    <property name="java.home" value="/Library/Java/JavaVirtualMachines/jdk-17.0.1.jdk/Contents/Home"/>
    <property name="file.separator" value="/"/>
    <property name="basedir" value="/Users/nagadeepjiripurapu/launchApp"/>
    <property name="java.vm.compressedOopsMode" value="Zero based"/>
    <property name="line.separator" value="&#10;"/>
    <property name="java.vm.specification.vendor" value="Oracle Corporation"/>
    <property name="java.specification.name" value="Java Platform API Specification"/>
    <property name="surefire.real.class.path" value="/Users/nagadeepjiripurapu/launchApp/target/surefire/surefirebooter14353862057415853226.jar"/>
    <property name="sun.management.compiler" value="HotSpot 64-Bit Tiered Compilers"/>
    <property name="ftp.nonProxyHosts" value="local|*.local|169.254/16|*.169.254/16"/>
    <property name="java.runtime.version" value="17.0.1+12-LTS-39"/>
    <property name="user.name" value="nagadeepjiripurapu"/>
    <property name="path.separator" value=":"/>
    <property name="os.version" value="15.3.1"/>
    <property name="java.runtime.name" value="Java(TM) SE Runtime Environment"/>
    <property name="file.encoding" value="US-ASCII"/>
    <property name="java.vm.name" value="Java HotSpot(TM) 64-Bit Server VM"/>
    <property name="localRepository" value="/Users/nagadeepjiripurapu/.m2/repository"/>
    <property name="java.vendor.url.bug" value="https://bugreport.java.com/bugreport/"/>
    <property name="java.io.tmpdir" value="/var/folders/np/t2hw3zkn3q5_483z6k95sdzw0000gn/T/"/>
    <property name="java.version" value="17.0.1"/>
    <property name="user.dir" value="/Users/nagadeepjiripurapu/launchApp"/>
    <property name="os.arch" value="x86_64"/>
    <property name="java.vm.specification.name" value="Java Virtual Machine Specification"/>
    <property name="native.encoding" value="US-ASCII"/>
    <property name="java.library.path" value="/Users/nagadeepjiripurapu/Library/Java/Extensions:/Library/Java/Extensions:/Network/Library/Java/Extensions:/System/Library/Java/Extensions:/usr/lib/java:."/>
    <property name="java.vm.info" value="mixed mode, sharing"/>
    <property name="java.vendor" value="Oracle Corporation"/>
    <property name="java.vm.version" value="17.0.1+12-LTS-39"/>
    <property name="sun.io.unicode.encoding" value="UnicodeBig"/>
    <property name="socksNonProxyHosts" value="local|*.local|169.254/16|*.169.254/16"/>
    <property name="java.class.version" value="61.0"/>
  </properties>
  <testcase name="runScenario[&quot;Count how much duration each slide is playing&quot;, &quot;VeevaSystems Automation coding Assessment&quot;](1)" classname="runner.runnerClass" time="162.206">
    <system-out><![CDATA[
Scenario: Count how much duration each slide is playing                                  # src/test/resources/features/cp.feature:16
****CHROME Application Launching with URL :: https://www.nba.com/sixers/  *****
Application Launched Successfully with :Sixers - The official site of the NBA for the latest NBA Scores, Stats & News. | NBA.com
  Given User navigates to derived product1 test url                                      # stepDefs.stepDefinitions.user_navigates_to_derived_product1_test_url()
The number of slides present are: 5
  When User Counting number of slides present under Tickets menu                         # stepDefs.stepDefinitions.user_counting_number_of_slides_present_under_tickets_menu()
Slide 0 title is correct: Sixers Host Bulls Tonight in South Philly
Slide 1 title is correct: 76ers Welcome Alex Reese with Two-Way Contract
Slide 2 title is correct: David Roddy Signs Two-Way Contract with 76ers
Slide 3 title is correct: 76ers Sign Lonnie Walker IV
Slide 4 title is correct: 76ers Celebrate Dikembe Mutombo
  Then Getting title of each slide and validate with expected test data                  # stepDefs.stepDefinitions.getting_title_of_each_slide_and_validate_with_expected_test_data()
Slide 1 duration is incorrect. Expected: 10 seconds, but got: 4 seconds
Slide 2 duration is incorrect. Expected: 10 seconds, but got: 13 seconds
Slide 3 duration is incorrect. Expected: 10 seconds, but got: 9 seconds
Slide 4 duration is incorrect. Expected: 10 seconds, but got: 11 seconds
Slide 5 duration is correct: 10 seconds
  Then Count how much time each slide is playing and validate with the expected duration # stepDefs.stepDefinitions.count_how_much_time_each_slide_is_playing_and_validate_with_the_expected_duration()
]]></system-out>
    <system-err><![CDATA[SLF4J: Failed to load class "org.slf4j.impl.StaticLoggerBinder".
SLF4J: Defaulting to no-operation (NOP) logger implementation
SLF4J: See http://www.slf4j.org/codes.html#StaticLoggerBinder for further details.
Feb 26, 2025 5:14:41 PM org.openqa.selenium.devtools.CdpVersionFinder findNearestMatch
WARNING: Unable to find an exact match for CDP version 133, returning the closest version; found: 131; Please update to a Selenium version that supports CDP version 133
]]></system-err>
  </testcase>
</testsuite>