<?xml version="1.0" encoding="UTF-8"?>
<!-- Generated by org.testng.reporters.JUnitReportReporter -->
<testsuite hostname="Nagadeeps-MacBook-Air.local" failures="0" tests="1" name="runner.runnerClass" time="168.527" errors="0" timestamp="2025-02-25T22:47:59 IST" skipped="0">
  <testcase classname="runner.runnerClass" name="runScenario" time="168.527"/>
</testsuite> <!-- runner.runnerClass -->
