<?xml version="1.0" encoding="UTF-8"?>
<!-- Generated by org.testng.reporters.JUnitReportReporter -->
<testsuite hostname="Nagadeeps-MacBook-Air.local" failures="0" tests="1" name="runner.runnerClass" time="187.221" errors="0" timestamp="2025-02-25T10:13:01 IST" skipped="0">
  <testcase classname="runner.runnerClass" name="runScenario" time="187.221"/>
</testsuite> <!-- runner.runnerClass -->
